<?xml version="1.0" encoding="UTF-8"?>
<!-- Generated by org.testng.reporters.JUnitReportReporter -->
<testsuite hostname="LTIN173527" failures="0" tests="5" name="testCases.TC03_WellNess" time="33.336" errors="0" timestamp="2024-03-05T22:36:21 IST" skipped="0">
  <testcase classname="testCases.TC03_WellNess" name="T001_goToCorporates" time="5.795"/>
  <system-out/>
  <testcase classname="testCases.TC03_WellNess" name="T002_validateCorporate" time="0.016"/>
  <system-out/>
  <testcase classname="testCases.TC03_WellNess" name="T003_sendDetails" time="21.050"/>
  <system-out/>
  <testcase classname="testCases.TC03_WellNess" name="T004_VerifyMsg" time="6.057"/>
  <system-out/>
  <testcase classname="testCases.TC03_WellNess" name="T005_MsgScreenshot" time="0.418"/>
  <system-out/>
</testsuite> <!-- testCases.TC03_WellNess -->
