<?xml version="1.0" encoding="UTF-8"?>
<!-- Generated by org.testng.reporters.JUnitReportReporter -->
<testsuite hostname="LTIN173527" failures="0" tests="5" name="testCases.TC02_Surgeries" time="3.630" errors="0" timestamp="2024-03-05T22:36:21 IST" skipped="0">
  <testcase classname="testCases.TC02_Surgeries" name="T001_goToSurgery" time="2.425"/>
  <system-out/>
  <testcase classname="testCases.TC02_Surgeries" name="T002_validate" time="0.205"/>
  <system-out/>
  <testcase classname="testCases.TC02_Surgeries" name="T003_ScrollDown" time="0.058"/>
  <system-out/>
  <testcase classname="testCases.TC02_Surgeries" name="T004_SurgeryList" time="0.925"/>
  <system-out/>
  <testcase classname="testCases.TC02_Surgeries" name="T005_ScrollUp" time="0.017"/>
  <system-out/>
</testsuite> <!-- testCases.TC02_Surgeries -->
