<?xml version="1.0" encoding="UTF-8"?>
<!-- Generated by org.testng.reporters.JUnitReportReporter -->
<testsuite hostname="LTIN173527" failures="0" tests="14" name="testCases.TC_FindingHospital" time="82.600" errors="0" timestamp="2024-03-06T17:53:05 IST" skipped="0">
  <testcase classname="testCases.TC_FindingHospital" name="T001_homepage" time="0.184"/>
  <system-out/>
  <testcase classname="testCases.TC_FindingHospital" name="T002_DoctorPage" time="11.703"/>
  <system-out/>
  <testcase classname="testCases.TC_FindingHospital" name="T003_Filters" time="32.073"/>
  <system-out/>
  <testcase classname="testCases.TC_FindingHospital" name="T004_DoctorInfo" time="4.689"/>
  <system-out/>
  <testcase classname="testCases.TC_FindingHospital" name="T001_goToSurgery" time="1.676"/>
  <system-out/>
  <testcase classname="testCases.TC_FindingHospital" name="T002_validate" time="0.012"/>
  <system-out/>
  <testcase classname="testCases.TC_FindingHospital" name="T003_ScrollDown" time="0.091"/>
  <system-out/>
  <testcase classname="testCases.TC_FindingHospital" name="T004_SurgeryList" time="0.623"/>
  <system-out/>
  <testcase classname="testCases.TC_FindingHospital" name="T005_ScrollUp" time="0.017"/>
  <system-out/>
  <testcase classname="testCases.TC_FindingHospital" name="T001_goToCorporates" time="6.385"/>
  <system-out/>
  <testcase classname="testCases.TC_FindingHospital" name="T002_validateCorporate" time="0.009"/>
  <system-out/>
  <testcase classname="testCases.TC_FindingHospital" name="T003_sendDetails" time="20.511"/>
  <system-out/>
  <testcase classname="testCases.TC_FindingHospital" name="T004_VerifyMsg" time="4.158"/>
  <system-out/>
  <testcase classname="testCases.TC_FindingHospital" name="T005_MsgScreenshot" time="0.469"/>
  <system-out/>
</testsuite> <!-- testCases.TC_FindingHospital -->
