<?xml version="1.0" encoding="UTF-8"?>
<!-- Generated by org.testng.reporters.JUnitReportReporter -->
<testsuite hostname="LTIN173527" failures="0" tests="3" name="TestRunner.TestRunner" time="0.783" errors="0" timestamp="2024-03-06T17:55:08 IST" skipped="0">
  <testcase classname="TestRunner.TestRunner" name="runScenario" time="0.582"/>
  <system-out/>
  <testcase classname="TestRunner.TestRunner" name="runScenario" time="0.080"/>
  <system-out/>
  <testcase classname="TestRunner.TestRunner" name="runScenario" time="0.121"/>
  <system-out/>
</testsuite> <!-- TestRunner.TestRunner -->
