<?xml version="1.0" encoding="UTF-8"?>
<!-- Generated by org.testng.reporters.JUnitReportReporter -->
<testsuite hostname="LTIN173527" failures="0" tests="4" name="testCases.TC01_Doctors" time="51.816" errors="0" timestamp="2024-03-05T22:36:21 IST" skipped="0">
  <testcase classname="testCases.TC01_Doctors" name="T001_homepage" time="0.188"/>
  <system-out/>
  <testcase classname="testCases.TC01_Doctors" name="T002_DoctorPage" time="11.631"/>
  <system-out/>
  <testcase classname="testCases.TC01_Doctors" name="T003_Filters" time="34.176"/>
  <system-out/>
  <testcase classname="testCases.TC01_Doctors" name="T004_DoctorInfo" time="5.821"/>
  <system-out/>
</testsuite> <!-- testCases.TC01_Doctors -->
