<?xml version="1.0" encoding="UTF-8"?>
<!-- Generated by org.testng.reporters.JUnitReportReporter -->
<testsuite hostname="LTIN173527" failures="0" tests="14" name="testCases.TC_FindingHospital" time="75.466" errors="0" timestamp="2024-03-06T12:56:28 IST" skipped="0">
  <testcase classname="testCases.TC_FindingHospital" name="T001_homepage" time="0.111"/>
  <testcase classname="testCases.TC_FindingHospital" name="T002_DoctorPage" time="7.933"/>
  <testcase classname="testCases.TC_FindingHospital" name="T003_Filters" time="29.471"/>
  <testcase classname="testCases.TC_FindingHospital" name="T004_DoctorInfo" time="4.885"/>
  <testcase classname="testCases.TC_FindingHospital" name="T001_goToSurgery" time="1.749"/>
  <testcase classname="testCases.TC_FindingHospital" name="T002_validate" time="0.051"/>
  <testcase classname="testCases.TC_FindingHospital" name="T003_ScrollDown" time="0.117"/>
  <testcase classname="testCases.TC_FindingHospital" name="T004_SurgeryList" time="0.602"/>
  <testcase classname="testCases.TC_FindingHospital" name="T005_ScrollUp" time="0.015"/>
  <testcase classname="testCases.TC_FindingHospital" name="T001_goToCorporates" time="5.788"/>
  <testcase classname="testCases.TC_FindingHospital" name="T002_validateCorporate" time="0.009"/>
  <testcase classname="testCases.TC_FindingHospital" name="T003_sendDetails" time="20.231"/>
  <testcase classname="testCases.TC_FindingHospital" name="T004_VerifyMsg" time="4.117"/>
  <testcase classname="testCases.TC_FindingHospital" name="T005_MsgScreenshot" time="0.387"/>
</testsuite> <!-- testCases.TC_FindingHospital -->
